{
  "RSpec": {
    "coverage": {
      "/Users/Automatic365/Turing/1605/mod_4/projects/urlockbox/app/helpers/application_helper.rb": [
        1,
        null
      ],
      "/Users/Automatic365/Turing/1605/mod_4/projects/urlockbox/app/models/link.rb": [
        1,
        1,
        1,
        1,
        1,
        null,
        1,
        0,
        null,
        null,
        null
      ],
      "/Users/Automatic365/Turing/1605/mod_4/projects/urlockbox/app/models/application_record.rb": [
        1,
        1,
        null
      ],
      "/Users/Automatic365/Turing/1605/mod_4/projects/urlockbox/app/models/parser.rb": [
        1,
        1,
        null,
        1,
        9,
        9,
        9,
        9,
        null,
        null,
        1,
        9,
        null,
        null,
        1,
        3,
        null,
        null
      ],
      "/Users/Automatic365/Turing/1605/mod_4/projects/urlockbox/app/models/user.rb": [
        1,
        1,
        1,
        1,
        1,
        1,
        1,
        null,
        null
      ],
      "/Users/Automatic365/Turing/1605/mod_4/projects/urlockbox/app/controllers/api/v1/links_controller.rb": [
        1,
        1,
        null,
        1,
        1,
        1,
        1,
        null,
        null,
        null,
        1,
        null,
        1,
        1,
        null,
        null,
        null
      ],
      "/Users/Automatic365/Turing/1605/mod_4/projects/urlockbox/app/controllers/api_base_controller.rb": [
        1,
        1,
        null,
        null
      ],
      "/Users/Automatic365/Turing/1605/mod_4/projects/urlockbox/app/controllers/application_controller.rb": [
        1,
        1,
        null,
        1,
        null,
        1,
        45,
        null,
        null,
        1,
        23,
        null,
        null,
        null
      ],
      "/Users/Automatic365/Turing/1605/mod_4/projects/urlockbox/app/controllers/welcome_controller.rb": [
        1,
        null,
        1,
        null,
        null,
        null,
        null
      ],
      "/Users/Automatic365/Turing/1605/mod_4/projects/urlockbox/app/controllers/users_controller.rb": [
        1,
        null,
        1,
        9,
        null,
        null,
        1,
        null,
        null,
        null,
        1,
        6,
        6,
        2,
        2,
        null,
        4,
        4,
        null,
        null,
        null,
        1,
        null,
        1,
        6,
        null,
        null,
        null
      ],
      "/Users/Automatic365/Turing/1605/mod_4/projects/urlockbox/app/controllers/links_controller.rb": [
        1,
        1,
        null,
        1,
        16,
        null,
        null,
        1,
        1,
        1,
        1,
        0,
        0,
        1,
        1,
        1,
        null,
        0,
        0,
        null,
        null,
        null,
        1,
        4,
        null,
        null,
        1,
        2,
        2,
        2,
        1,
        1,
        null,
        1,
        1,
        null,
        null,
        null,
        1,
        null,
        1,
        6,
        null,
        null,
        null
      ],
      "/Users/Automatic365/Turing/1605/mod_4/projects/urlockbox/app/controllers/sessions_controller.rb": [
        1,
        null,
        1,
        10,
        10,
        10,
        10,
        null,
        0,
        0,
        null,
        null,
        null,
        1,
        1,
        1,
        null,
        null,
        null
      ],
      "/Users/Automatic365/Turing/1605/mod_4/projects/urlockbox/app/channels/application_cable/channel.rb": [
        0,
        0,
        0,
        0
      ],
      "/Users/Automatic365/Turing/1605/mod_4/projects/urlockbox/app/channels/application_cable/connection.rb": [
        0,
        0,
        0,
        0
      ],
      "/Users/Automatic365/Turing/1605/mod_4/projects/urlockbox/app/jobs/application_job.rb": [
        0,
        0
      ],
      "/Users/Automatic365/Turing/1605/mod_4/projects/urlockbox/app/mailers/application_mailer.rb": [
        0,
        0,
        0,
        0
      ],
      "/Users/Automatic365/Turing/1605/mod_4/projects/urlockbox/app/mailers/user_notifier.rb": [
        0,
        0,
        0,
        0,
        0,
        0,
        0,
        0,
        0
      ]
    },
    "timestamp": 1478659071
  }
}
